<?xml version="1.0" encoding="UTF-8"?>
<testsuite xmlns:xsi="http://www.w3.org/2001/XMLSchema-instance" xsi:noNamespaceSchemaLocation="https://maven.apache.org/surefire/maven-surefire-plugin/xsd/surefire-test-report.xsd" name="ua.com.illia.service.OwnerPetServiceTest" time="0.091" tests="12" errors="0" skipped="0" failures="0">
  <properties>
[...]
</properties>
  <testcase name="checkSizeOwners" classname="ua.com.illia.service.OwnerPetServiceTest" time="0.008"/>
  <testcase name="checkSizePets" classname="ua.com.illia.service.OwnerPetServiceTest" time="0"/>
  <testcase name="createOwner" classname="ua.com.illia.service.OwnerPetServiceTest" time="0.001"/>
  <testcase name="findOwnerById" classname="ua.com.illia.service.OwnerPetServiceTest" time="0.001"/>
  <testcase name="deleteOwner" classname="ua.com.illia.service.OwnerPetServiceTest" time="0.002"/>
  <testcase name="shouldBeCreateStudentWhenEmailIsDuplicate" classname="ua.com.illia.service.OwnerPetServiceTest" time="0"/>
  <testcase name="createPet" classname="ua.com.illia.service.OwnerPetServiceTest" time="0"/>
  <testcase name="findPetById" classname="ua.com.illia.service.OwnerPetServiceTest" time="0"/>
  <testcase name="deletePet" classname="ua.com.illia.service.OwnerPetServiceTest" time="0.001"/>
  <testcase name="attachOwnerToPet" classname="ua.com.illia.service.OwnerPetServiceTest" time="0.003"/>
  <testcase name="findOwnersByPet" classname="ua.com.illia.service.OwnerPetServiceTest" time="0"/>
  <testcase name="deAttachOwnerFromPet" classname="ua.com.illia.service.OwnerPetServiceTest" time="0.002"/>
</testsuite>